<?xml version="1.0" encoding="UTF-8"?>
<!-- Generated by org.testng.reporters.JUnitReportReporter -->
<testsuite skipped="0" hostname="LIN80017329" name="com.sample.webtest.SeleniumTest" tests="3" failures="0" timestamp="06 Jul 2019 11:22:39 GMT" time="44.683" errors="0">
  <testcase name="test_AmazonLogin" time="17.726" classname="com.sample.webtest.SeleniumTest"/>
  <testcase name="test_OpenCartLogin" time="13.830" classname="com.sample.webtest.SeleniumTest"/>
  <testcase name="test_FlipkartLogin" time="13.127" classname="com.sample.webtest.SeleniumTest"/>
</testsuite> <!-- com.sample.webtest.SeleniumTest -->
