<?xml version="1.0" encoding="UTF-8"?>
<!-- Generated by org.testng.reporters.JUnitReportReporter -->
<testsuite skipped="0" hostname="LIN80017329" name="com.sample.webtest.SeleniumTest" tests="2" failures="0" timestamp="06 Jul 2019 09:45:07 GMT" time="29.854" errors="0">
  <testcase name="test_AmazonLogin" time="15.712" classname="com.sample.webtest.SeleniumTest"/>
  <testcase name="test_OpenCartLogin" time="14.142" classname="com.sample.webtest.SeleniumTest"/>
</testsuite> <!-- com.sample.webtest.SeleniumTest -->
